#
# There is insufficient memory for the Java Runtime Environment to continue.
# Native memory allocation (mmap) failed to map 17179869184 bytes for Failed to commit area from 0x0000017ad2800000 to 0x0000017ed2800000 of length 17179869184.
# Possible reasons:
#   The system is out of physical RAM or swap space
# Possible solutions:
#   Reduce memory load on the system
#   Increase physical memory or swap space
#   Check if swap backing store is full
#   Decrease Java heap size (-Xmx/-Xms)
#   Decrease number of Java threads
#   Decrease Java thread stack sizes (-Xss)
#   Set larger code cache with -XX:ReservedCodeCacheSize=
# This output file may be truncated or incomplete.
#
#  Out of Memory Error (./open/src/hotspot/os/windows/os_windows.cpp:3298), pid=10568, tid=1616
#
# JRE version:  (11.0.21+9) (build )
# Java VM: Java HotSpot(TM) 64-Bit Server VM (11.0.21+9-LTS-193, mixed mode, tiered, g1 gc, windows-amd64)
# No core dump will be written. Minidumps are not enabled by default on client versions of Windows
#

---------------  S U M M A R Y ------------

Command Line: --add-opens=java.base/sun.nio.ch=ALL-UNNAMED --illegal-access=permit -Xms16G -Xmx32G -XX:+UseG1GC -Dscala.ext.dirs=C:\Users\abhib\.sbt\1.0\java9-rt-ext-oracle_corporation_11_0_21 xsbt.boot.Boot run

Host: Intel(R) Core(TM) i7-9750H CPU @ 2.60GHz, 12 cores, 15G,  Windows 11 , 64 bit Build 22621 (10.0.22621.3374)
Time: Thu Apr  4 19:25:20 2024 India Standard Time elapsed time: 2.028448 seconds (0d 0h 0m 2s)

---------------  T H R E A D  ---------------

Current thread (0x0000017abb779000):  JavaThread "Unknown thread" [_thread_in_vm, id=1616, stack(0x0000002e9b700000,0x0000002e9b800000)]

Stack: [0x0000002e9b700000,0x0000002e9b800000]
Native frames: (J=compiled Java code, j=interpreted, Vv=VM code, C=native code)
V  [jvm.dll+0x66058a]
V  [jvm.dll+0x7a362f]
V  [jvm.dll+0x7a4cf9]
V  [jvm.dll+0x7a5393]
V  [jvm.dll+0x258f55]
V  [jvm.dll+0x65d8e9]
V  [jvm.dll+0x652495]
V  [jvm.dll+0x31367d]
V  [jvm.dll+0x3134e2]
V  [jvm.dll+0x318116]
V  [jvm.dll+0x360210]
V  [jvm.dll+0x35fc82]
V  [jvm.dll+0x2eed08]
V  [jvm.dll+0x2efe15]
V  [jvm.dll+0x77c687]
V  [jvm.dll+0x77df6f]
V  [jvm.dll+0x36d4b9]
V  [jvm.dll+0x76106f]
V  [jvm.dll+0x3df587]
V  [jvm.dll+0x3e1631]
C  [jli.dll+0x52e7]
C  [ucrtbase.dll+0x29333]
C  [KERNEL32.DLL+0x1257d]
C  [ntdll.dll+0x5aa48]


---------------  P R O C E S S  ---------------

Threads class SMR info:
_java_thread_list=0x0000017ab9541130, length=0, elements={
}

Java Threads: ( => current thread )

Other Threads:
  0x0000017abb78d000 GCTaskThread "GC Thread#0" [stack: 0x0000002e9b800000,0x0000002e9b900000] [id=10832]
  0x0000017abb7cb000 ConcurrentGCThread "G1 Main Marker" [stack: 0x0000002e9b900000,0x0000002e9ba00000] [id=13984]
  0x0000017abb7cd000 ConcurrentGCThread "G1 Conc#0" [stack: 0x0000002e9ba00000,0x0000002e9bb00000] [id=6536]

[error occurred during error reporting (printing all threads), id 0xc0000005, EXCEPTION_ACCESS_VIOLATION (0xc0000005) at pc=0x00007ffc5ae7f7c7]

VM state:not at safepoint (not fully initialized)

VM Mutex/Monitor currently owned by a thread:  ([mutex/lock_event])
[0x0000017abb774fe0] Heap_lock - owner thread: 0x0000017abb779000

GC Heap History (0 events):
No events

Deoptimization events (0 events):
No events

Classes redefined (0 events):
No events

Internal exceptions (0 events):
No events

Events (0 events):
No events


Dynamic libraries:
0x00007ff781d20000 - 0x00007ff781d30000 	C:\Program Files\Java\jdk-11\bin\java.exe
0x00007ffc9d3d0000 - 0x00007ffc9d5e6000 	C:\Windows\SYSTEM32\ntdll.dll
0x00007ffc9b760000 - 0x00007ffc9b824000 	C:\Windows\System32\KERNEL32.DLL
0x00007ffc9a840000 - 0x00007ffc9abe7000 	C:\Windows\System32\KERNELBASE.dll
0x00007ffc9a720000 - 0x00007ffc9a831000 	C:\Windows\System32\ucrtbase.dll
0x00007ffc91660000 - 0x00007ffc91679000 	C:\Program Files\Java\jdk-11\bin\jli.dll
0x00007ffc93ce0000 - 0x00007ffc93cfb000 	C:\Program Files\Java\jdk-11\bin\VCRUNTIME140.dll
0x00007ffc9b360000 - 0x00007ffc9b412000 	C:\Windows\System32\ADVAPI32.dll
0x00007ffc9b4a0000 - 0x00007ffc9b547000 	C:\Windows\System32\msvcrt.dll
0x00007ffc9ba50000 - 0x00007ffc9baf8000 	C:\Windows\System32\sechost.dll
0x00007ffc9ac90000 - 0x00007ffc9acb8000 	C:\Windows\System32\bcrypt.dll
0x00007ffc9cb60000 - 0x00007ffc9cc75000 	C:\Windows\System32\RPCRT4.dll
0x00007ffc9c450000 - 0x00007ffc9c5fe000 	C:\Windows\System32\USER32.dll
0x00007ffc9a6f0000 - 0x00007ffc9a716000 	C:\Windows\System32\win32u.dll
0x00007ffc8a480000 - 0x00007ffc8a713000 	C:\Windows\WinSxS\amd64_microsoft.windows.common-controls_6595b64144ccf1df_6.0.22621.3235_none_270f74e173860f98\COMCTL32.dll
0x00007ffc9bb00000 - 0x00007ffc9bb29000 	C:\Windows\System32\GDI32.dll
0x00007ffc9ae70000 - 0x00007ffc9af89000 	C:\Windows\System32\gdi32full.dll
0x00007ffc9abf0000 - 0x00007ffc9ac8a000 	C:\Windows\System32\msvcp_win.dll
0x00007ffc93100000 - 0x00007ffc9310a000 	C:\Windows\SYSTEM32\VERSION.dll
0x00007ffc9b320000 - 0x00007ffc9b351000 	C:\Windows\System32\IMM32.DLL
0x00007ffc91650000 - 0x00007ffc9165c000 	C:\Program Files\Java\jdk-11\bin\vcruntime140_1.dll
0x00007ffc869d0000 - 0x00007ffc86a5e000 	C:\Program Files\Java\jdk-11\bin\msvcp140.dll
0x00007ffc5ab80000 - 0x00007ffc5b6ed000 	C:\Program Files\Java\jdk-11\bin\server\jvm.dll
0x00007ffc9b1a0000 - 0x00007ffc9b1a8000 	C:\Windows\System32\PSAPI.DLL
0x00007ffc96060000 - 0x00007ffc96069000 	C:\Windows\SYSTEM32\WSOCK32.dll
0x00007ffc93ca0000 - 0x00007ffc93cd4000 	C:\Windows\SYSTEM32\WINMM.dll
0x00007ffc9b420000 - 0x00007ffc9b491000 	C:\Windows\System32\WS2_32.dll
0x00007ffc99710000 - 0x00007ffc99728000 	C:\Windows\SYSTEM32\kernel.appcore.dll
0x00007ffc91360000 - 0x00007ffc91370000 	C:\Program Files\Java\jdk-11\bin\verify.dll
0x00007ffc926e0000 - 0x00007ffc92913000 	C:\Windows\SYSTEM32\DBGHELP.DLL
0x00007ffc9c600000 - 0x00007ffc9c988000 	C:\Windows\System32\combase.dll
0x00007ffc9d2b0000 - 0x00007ffc9d387000 	C:\Windows\System32\OLEAUT32.dll
0x00007ffc92460000 - 0x00007ffc92492000 	C:\Windows\SYSTEM32\dbgcore.DLL
0x00007ffc9acc0000 - 0x00007ffc9ad39000 	C:\Windows\System32\bcryptPrimitives.dll
0x00007ffc912b0000 - 0x00007ffc912d8000 	C:\Program Files\Java\jdk-11\bin\java.dll
0x00007ffc91350000 - 0x00007ffc9135a000 	C:\Program Files\Java\jdk-11\bin\jimage.dll
0x00007ffc8b930000 - 0x00007ffc8b947000 	C:\Program Files\Java\jdk-11\bin\zip.dll

dbghelp: loaded successfully - version: 4.0.5 - missing functions: none
symbol engine: initialized successfully - sym options: 0x614 - pdb path: .;C:\Program Files\Java\jdk-11\bin;C:\Windows\SYSTEM32;C:\Windows\WinSxS\amd64_microsoft.windows.common-controls_6595b64144ccf1df_6.0.22621.3235_none_270f74e173860f98;C:\Program Files\Java\jdk-11\bin\server

VM Arguments:
jvm_args: --add-opens=java.base/sun.nio.ch=ALL-UNNAMED --illegal-access=permit -Xms16G -Xmx32G -XX:+UseG1GC -Dscala.ext.dirs=C:\Users\abhib\.sbt\1.0\java9-rt-ext-oracle_corporation_11_0_21 
java_command: xsbt.boot.Boot run
java_class_path (initial): C:\Program Files (x86)\sbt\\bin\sbt-launch.jar
Launcher Type: SUN_STANDARD

[Global flags]
     intx CICompilerCount                          = 4                                         {product} {ergonomic}
     uint ConcGCThreads                            = 3                                         {product} {ergonomic}
     uint G1ConcRefinementThreads                  = 10                                        {product} {ergonomic}
   size_t G1HeapRegionSize                         = 8388608                                   {product} {ergonomic}
    uintx GCDrainStackTargetSize                   = 64                                        {product} {ergonomic}
   size_t InitialHeapSize                          = 17179869184                               {product} {command line}
   size_t MarkStackSize                            = 4194304                                   {product} {ergonomic}
   size_t MaxHeapSize                              = 34359738368                               {product} {command line}
   size_t MinHeapDeltaBytes                        = 8388608                                   {product} {ergonomic}
    uintx NonNMethodCodeHeapSize                   = 5836300                                {pd product} {ergonomic}
    uintx NonProfiledCodeHeapSize                  = 122910970                              {pd product} {ergonomic}
    uintx ProfiledCodeHeapSize                     = 122910970                              {pd product} {ergonomic}
    uintx ReservedCodeCacheSize                    = 251658240                              {pd product} {ergonomic}
     bool SegmentedCodeCache                       = true                                      {product} {ergonomic}
     bool UseG1GC                                  = true                                      {product} {command line}
     bool UseLargePagesIndividualAllocation        = false                                  {pd product} {ergonomic}

Logging:
Log output configuration:
 #0: stdout all=warning uptime,level,tags
 #1: stderr all=off uptime,level,tags

Environment Variables:
JAVA_HOME=C:\Program Files\Java\jdk-11
PATH=C:\Program Files\Java\jdk-11\bin;C:\Program Files\Common Files\Oracle\Java\javapath;C:\Program Files\Eclipse Adoptium\jdk-17.0.8.101-hotspot\bin;C:\Program Files\Eclipse Adoptium\jdk-11.0.20.8-hotspot\bin;C:\Windows\system32;C:\Windows;C:\Windows\System32\Wbem;C:\Windows\System32\WindowsPowerShell\v1.0\;C:\Windows\System32\OpenSSH\;C:\Program Files (x86)\NVIDIA Corporation\PhysX\Common;C:\Program Files\NVIDIA Corporation\NVIDIA NvDLISR;C:\Windows\system32;C:\Windows;C:\Windows\System32\Wbem;C:\Windows\System32\WindowsPowerShell\v1.0\;C:\Windows\System32\OpenSSH\;C:\ProgramData\chocolatey\bin;C:\Program Files\nodejs\;C:\Users\abhib\AppData\Local\Android\Sdk\platform-tools;C:\Program Files\Git\cmd;C:\Program Files (x86)\sbt\bin;C:\apache-cassandra-3.11.16\bin;C:\Users\abhib\Downloads\hadoop\bin;C:\Users\abhib\Downloads\hadoop\sbin;C:\Program Files\Java\jdk-11;C:\Users\abhib\Downloads\hadoop\;C:\Program Files (x86)\scala\bin;C:\Program Files\MongoDB\Server\7.0\bin;C:\Program Files\Docker\Docker\resources\bin;C:\Program Files\Docker\Docker\resources\bin;C:\Users\abhib\AppData\Local\Programs\Python\Python312\Scripts\;C:\Users\abhib\AppData\Local\Programs\Python\Python312\;C:\Users\abhib\AppData\Local\Microsoft\WindowsApps;C:\Users\abhib\AppData\Local\Programs\Microsoft VS Code\bin;C:\msys64\mingw64\bin;C:\Users\abhib\AppData\Roaming\npm;D:\flutter\bin;C:\Users\abhib\AppData\Local\GitHubDesktop\bin;C:\Program Files\JetBrains\IntelliJ IDEA Community Edition 2023.2.4\bin;C:\Program Files (x86)\sbt\bin;C:\Program Files (x86)\sbt\bin;C:\Users\abhib\AppData\Local\Coursier\data\bin;C:\Program Files (x86)\scala\bin;
USERNAME=abhib
OS=Windows_NT
PROCESSOR_IDENTIFIER=Intel64 Family 6 Model 158 Stepping 10, GenuineIntel



---------------  S Y S T E M  ---------------

OS: Windows 11 , 64 bit Build 22621 (10.0.22621.3374)
Hyper-V role detected

CPU:total 12 (initial active 12) (6 cores per cpu, 2 threads per core) family 6 model 158 stepping 10 microcode 0xde, cmov, cx8, fxsr, mmx, sse, sse2, sse3, ssse3, sse4.1, sse4.2, popcnt, avx, avx2, aes, clmul, erms, 3dnowpref, lzcnt, ht, tsc, tscinvbit, bmi1, bmi2, adx, fma

Memory: 4k page, system-wide physical 16234M (4053M free)
TotalPageFile size 38842M (AvailPageFile size 17448M)
current process WorkingSet (physical memory assigned to process): 12M, peak: 12M
current process commit charge ("private bytes"): 65M, peak: 16481M

vm_info: Java HotSpot(TM) 64-Bit Server VM (11.0.21+9-LTS-193) for windows-amd64 JRE (11.0.21+9-LTS-193), built on Sep 13 2023 11:04:38 by "mach5one" with MS VC++ 17.1 (VS2022)

END.
